{"level":"info","message":"::1 - - [27/Apr/2022:08:37:12 +0000] \"POST /api/tutorial HTTP/1.1\" 400 122 \"-\" \"PostmanRuntime/7.29.0\"\n"}
{"level":"info","message":"::1 - - [27/Apr/2022:08:37:30 +0000] \"GET /api/tutorial HTTP/1.1\" 200 2 \"-\" \"PostmanRuntime/7.29.0\"\n"}
info: 🔥: Apr-27-2022 15:41:26: ::1 - - [27/Apr/2022:08:41:26 +0000] "GET /api/tutorial HTTP/1.1" 200 2 "-" "PostmanRuntime/7.29.0"

info: 🔥: Apr-27-2022 15:42:41: ::1 - - [27/Apr/2022:08:42:41 +0000] "GET /api/tutorial HTTP/1.1" 200 2 "-" "PostmanRuntime/7.29.0"

error: 🔥: Apr-27-2022 15:42:44: /api/tutorial---POST---undefined---undefined
error: 🔥: Apr-27-2022 15:42:44: /api/tutorial---POST---undefined---errMessage is not defined
info: 🔥: Apr-27-2022 15:42:44: ::1 - - [27/Apr/2022:08:42:44 +0000] "POST /api/tutorial HTTP/1.1" 500 87 "-" "PostmanRuntime/7.29.0"

error: 🔥: Apr-27-2022 15:43:39: /api/tutorial---POST---undefined---undefined
error: 🔥: Apr-27-2022 15:43:39: /api/tutorial---POST---undefined---errMessage is not defined
info: 🔥: Apr-27-2022 15:43:39: ::1 - - [27/Apr/2022:08:43:39 +0000] "POST /api/tutorial HTTP/1.1" 500 87 "-" "PostmanRuntime/7.29.0"

error: 🔥: Apr-27-2022 15:43:56: /api/tutorial---POST---undefined---undefined
error: 🔥: Apr-27-2022 15:43:56: /api/tutorial---POST---undefined---errMessage is not defined
info: 🔥: Apr-27-2022 15:43:56: ::1 - - [27/Apr/2022:08:43:56 +0000] "POST /api/tutorial HTTP/1.1" 500 87 "-" "PostmanRuntime/7.29.0"

error: 🔥: Apr-27-2022 15:43:57: /api/tutorial---POST---undefined---undefined
error: 🔥: Apr-27-2022 15:43:57: /api/tutorial---POST---undefined---errMessage is not defined
info: 🔥: Apr-27-2022 15:43:57: ::1 - - [27/Apr/2022:08:43:57 +0000] "POST /api/tutorial HTTP/1.1" 500 87 "-" "PostmanRuntime/7.29.0"

error: 🔥: Apr-27-2022 15:44:10: /api/tutorial---POST---undefined---undefined
info: 🔥: Apr-27-2022 15:44:10: ::1 - - [27/Apr/2022:08:44:10 +0000] "POST /api/tutorial HTTP/1.1" 400 72 "-" "PostmanRuntime/7.29.0"

error: 🔥: Apr-27-2022 15:44:10: /api/tutorial---POST---undefined---undefined
info: 🔥: Apr-27-2022 15:44:10: ::1 - - [27/Apr/2022:08:44:10 +0000] "POST /api/tutorial HTTP/1.1" 400 72 "-" "PostmanRuntime/7.29.0"

error: 🔥: Apr-27-2022 15:44:35: /api/tutorial---POST---undefined---ValidationError: "title" is required. "description" is required. "published" is required
info: 🔥: Apr-27-2022 15:44:35: ::1 - - [27/Apr/2022:08:44:35 +0000] "POST /api/tutorial HTTP/1.1" 400 157 "-" "PostmanRuntime/7.29.0"

error: 🔥: Apr-27-2022 15:44:48: /api/tutorial---POST---ValidationError: "title" is required. "description" is required. "published" is required
info: 🔥: Apr-27-2022 15:44:48: ::1 - - [27/Apr/2022:08:44:48 +0000] "POST /api/tutorial HTTP/1.1" 400 145 "-" "PostmanRuntime/7.29.0"

info: 🔥: Apr-27-2022 15:45:02: ::1 - - [27/Apr/2022:08:45:02 +0000] "GET /api/tutorial HTTP/1.1" 200 2 "-" "PostmanRuntime/7.29.0"

info: 🔥: Apr-27-2022 15:48:39: ::1 - - [27/Apr/2022:08:48:39 +0000] "GET /api/tutorial HTTP/1.1" 200 2 "-" "PostmanRuntime/7.29.0"

info: 🔥: Apr-28-2022 13:42:43: ::1 - - [28/Apr/2022:06:42:43 +0000] "GET /api-docs HTTP/1.1" 301 183 "-" "Mozilla/5.0 (Windows NT 10.0; Win64; x64) AppleWebKit/537.36 (KHTML, like Gecko) Chrome/100.0.4896.127 Safari/537.36"

info: 🔥: Apr-28-2022 13:42:43: ::1 - - [28/Apr/2022:06:42:43 +0000] "GET /api-docs/ HTTP/1.1" 200 3102 "-" "Mozilla/5.0 (Windows NT 10.0; Win64; x64) AppleWebKit/537.36 (KHTML, like Gecko) Chrome/100.0.4896.127 Safari/537.36"

info: 🔥: Apr-28-2022 13:42:43: ::1 - - [28/Apr/2022:06:42:43 +0000] "GET /api-docs/swagger-ui-init.js HTTP/1.1" 200 1644 "-" "Mozilla/5.0 (Windows NT 10.0; Win64; x64) AppleWebKit/537.36 (KHTML, like Gecko) Chrome/100.0.4896.127 Safari/537.36"

info: 🔥: Apr-28-2022 13:42:43: ::1 - - [28/Apr/2022:06:42:43 +0000] "GET /api-docs/swagger-ui.css HTTP/1.1" 200 143980 "-" "Mozilla/5.0 (Windows NT 10.0; Win64; x64) AppleWebKit/537.36 (KHTML, like Gecko) Chrome/100.0.4896.127 Safari/537.36"

info: 🔥: Apr-28-2022 13:42:43: ::1 - - [28/Apr/2022:06:42:43 +0000] "GET /api-docs/swagger-ui-standalone-preset.js HTTP/1.1" 200 339540 "-" "Mozilla/5.0 (Windows NT 10.0; Win64; x64) AppleWebKit/537.36 (KHTML, like Gecko) Chrome/100.0.4896.127 Safari/537.36"

info: 🔥: Apr-28-2022 13:42:43: ::1 - - [28/Apr/2022:06:42:43 +0000] "GET /api-docs/swagger-ui-bundle.js HTTP/1.1" 200 1095130 "-" "Mozilla/5.0 (Windows NT 10.0; Win64; x64) AppleWebKit/537.36 (KHTML, like Gecko) Chrome/100.0.4896.127 Safari/537.36"

info: 🔥: Apr-28-2022 13:42:43: ::1 - - [28/Apr/2022:06:42:43 +0000] "GET /api-docs/favicon-32x32.png HTTP/1.1" 200 628 "-" "Mozilla/5.0 (Windows NT 10.0; Win64; x64) AppleWebKit/537.36 (KHTML, like Gecko) Chrome/100.0.4896.127 Safari/537.36"

info: 🔥: Apr-28-2022 13:46:28: ::1 - - [28/Apr/2022:06:46:28 +0000] "GET /api-docs/ HTTP/1.1" 304 - "-" "Mozilla/5.0 (Windows NT 10.0; Win64; x64) AppleWebKit/537.36 (KHTML, like Gecko) Chrome/100.0.4896.127 Safari/537.36"

info: 🔥: Apr-28-2022 13:46:28: ::1 - - [28/Apr/2022:06:46:28 +0000] "GET /api-docs/swagger-ui.css HTTP/1.1" 304 - "-" "Mozilla/5.0 (Windows NT 10.0; Win64; x64) AppleWebKit/537.36 (KHTML, like Gecko) Chrome/100.0.4896.127 Safari/537.36"

info: 🔥: Apr-28-2022 13:46:28: ::1 - - [28/Apr/2022:06:46:28 +0000] "GET /api-docs/swagger-ui-bundle.js HTTP/1.1" 304 - "-" "Mozilla/5.0 (Windows NT 10.0; Win64; x64) AppleWebKit/537.36 (KHTML, like Gecko) Chrome/100.0.4896.127 Safari/537.36"

info: 🔥: Apr-28-2022 13:46:28: ::1 - - [28/Apr/2022:06:46:28 +0000] "GET /api-docs/swagger-ui-init.js HTTP/1.1" 200 1643 "-" "Mozilla/5.0 (Windows NT 10.0; Win64; x64) AppleWebKit/537.36 (KHTML, like Gecko) Chrome/100.0.4896.127 Safari/537.36"

info: 🔥: Apr-28-2022 13:46:28: ::1 - - [28/Apr/2022:06:46:28 +0000] "GET /api-docs/swagger-ui-standalone-preset.js HTTP/1.1" 304 - "-" "Mozilla/5.0 (Windows NT 10.0; Win64; x64) AppleWebKit/537.36 (KHTML, like Gecko) Chrome/100.0.4896.127 Safari/537.36"

info: 🔥: Apr-28-2022 13:46:28: ::1 - - [28/Apr/2022:06:46:28 +0000] "GET /api-docs/favicon-32x32.png HTTP/1.1" 304 - "-" "Mozilla/5.0 (Windows NT 10.0; Win64; x64) AppleWebKit/537.36 (KHTML, like Gecko) Chrome/100.0.4896.127 Safari/537.36"

error: 🔥: Apr-28-2022 13:53:09: uncaughtException: D:\Code\Example\docker-compose-nodejs-mysql\src\swagger.json: Unexpected token { in JSON at position 526
SyntaxError: D:\Code\Example\docker-compose-nodejs-mysql\src\swagger.json: Unexpected token { in JSON at position 526
    at parse (<anonymous>)
    at Object.Module._extensions..json (node:internal/modules/cjs/loader:1171:22)
    at Module.load (node:internal/modules/cjs/loader:981:32)
    at Function.Module._load (node:internal/modules/cjs/loader:822:12)
    at Module.require (node:internal/modules/cjs/loader:1005:19)
    at require (node:internal/modules/cjs/helpers:102:18)
    at Object.<anonymous> (D:\Code\Example\docker-compose-nodejs-mysql\src\server.js:10:25)
    at Module._compile (node:internal/modules/cjs/loader:1103:14)
    at Object.Module._extensions..js (node:internal/modules/cjs/loader:1157:10)
    at Module.load (node:internal/modules/cjs/loader:981:32)
    at Function.Module._load (node:internal/modules/cjs/loader:822:12)
    at Function.executeUserEntryPoint [as runMain] (node:internal/modules/run_main:77:12)
    at node:internal/main/run_main_module:17:47
info: 🔥: Apr-28-2022 13:53:42: ::1 - - [28/Apr/2022:06:53:42 +0000] "GET /api-docs/ HTTP/1.1" 304 - "-" "Mozilla/5.0 (Windows NT 10.0; Win64; x64) AppleWebKit/537.36 (KHTML, like Gecko) Chrome/100.0.4896.127 Safari/537.36"

info: 🔥: Apr-28-2022 13:53:42: ::1 - - [28/Apr/2022:06:53:42 +0000] "GET /api-docs/swagger-ui.css HTTP/1.1" 304 - "-" "Mozilla/5.0 (Windows NT 10.0; Win64; x64) AppleWebKit/537.36 (KHTML, like Gecko) Chrome/100.0.4896.127 Safari/537.36"

info: 🔥: Apr-28-2022 13:53:42: ::1 - - [28/Apr/2022:06:53:42 +0000] "GET /api-docs/swagger-ui-bundle.js HTTP/1.1" 304 - "-" "Mozilla/5.0 (Windows NT 10.0; Win64; x64) AppleWebKit/537.36 (KHTML, like Gecko) Chrome/100.0.4896.127 Safari/537.36"

info: 🔥: Apr-28-2022 13:53:42: ::1 - - [28/Apr/2022:06:53:42 +0000] "GET /api-docs/swagger-ui-init.js HTTP/1.1" 200 2984 "-" "Mozilla/5.0 (Windows NT 10.0; Win64; x64) AppleWebKit/537.36 (KHTML, like Gecko) Chrome/100.0.4896.127 Safari/537.36"

info: 🔥: Apr-28-2022 13:53:42: ::1 - - [28/Apr/2022:06:53:42 +0000] "GET /api-docs/swagger-ui-standalone-preset.js HTTP/1.1" 304 - "-" "Mozilla/5.0 (Windows NT 10.0; Win64; x64) AppleWebKit/537.36 (KHTML, like Gecko) Chrome/100.0.4896.127 Safari/537.36"

info: 🔥: Apr-28-2022 13:53:42: ::1 - - [28/Apr/2022:06:53:42 +0000] "GET /api-docs/favicon-32x32.png HTTP/1.1" 304 - "-" "Mozilla/5.0 (Windows NT 10.0; Win64; x64) AppleWebKit/537.36 (KHTML, like Gecko) Chrome/100.0.4896.127 Safari/537.36"

info: 🔥: Apr-28-2022 13:54:47: ::1 - - [28/Apr/2022:06:54:47 +0000] "GET /api-docs/ HTTP/1.1" 304 - "-" "Mozilla/5.0 (Windows NT 10.0; Win64; x64) AppleWebKit/537.36 (KHTML, like Gecko) Chrome/100.0.4896.127 Safari/537.36"

info: 🔥: Apr-28-2022 13:54:48: ::1 - - [28/Apr/2022:06:54:48 +0000] "GET /api-docs/swagger-ui.css HTTP/1.1" 304 - "-" "Mozilla/5.0 (Windows NT 10.0; Win64; x64) AppleWebKit/537.36 (KHTML, like Gecko) Chrome/100.0.4896.127 Safari/537.36"

info: 🔥: Apr-28-2022 13:54:48: ::1 - - [28/Apr/2022:06:54:48 +0000] "GET /api-docs/swagger-ui-bundle.js HTTP/1.1" 304 - "-" "Mozilla/5.0 (Windows NT 10.0; Win64; x64) AppleWebKit/537.36 (KHTML, like Gecko) Chrome/100.0.4896.127 Safari/537.36"

info: 🔥: Apr-28-2022 13:54:48: ::1 - - [28/Apr/2022:06:54:48 +0000] "GET /api-docs/swagger-ui-init.js HTTP/1.1" 200 2868 "-" "Mozilla/5.0 (Windows NT 10.0; Win64; x64) AppleWebKit/537.36 (KHTML, like Gecko) Chrome/100.0.4896.127 Safari/537.36"

info: 🔥: Apr-28-2022 13:54:48: ::1 - - [28/Apr/2022:06:54:48 +0000] "GET /api-docs/swagger-ui-standalone-preset.js HTTP/1.1" 304 - "-" "Mozilla/5.0 (Windows NT 10.0; Win64; x64) AppleWebKit/537.36 (KHTML, like Gecko) Chrome/100.0.4896.127 Safari/537.36"

info: 🔥: Apr-28-2022 13:54:48: ::1 - - [28/Apr/2022:06:54:48 +0000] "GET /api-docs/favicon-32x32.png HTTP/1.1" 304 - "-" "Mozilla/5.0 (Windows NT 10.0; Win64; x64) AppleWebKit/537.36 (KHTML, like Gecko) Chrome/100.0.4896.127 Safari/537.36"

info: 🔥: Apr-28-2022 13:55:12: ::1 - - [28/Apr/2022:06:55:12 +0000] "GET /api-docs/ HTTP/1.1" 304 - "-" "Mozilla/5.0 (Windows NT 10.0; Win64; x64) AppleWebKit/537.36 (KHTML, like Gecko) Chrome/100.0.4896.127 Safari/537.36"

info: 🔥: Apr-28-2022 13:55:12: ::1 - - [28/Apr/2022:06:55:12 +0000] "GET /api-docs/swagger-ui.css HTTP/1.1" 304 - "-" "Mozilla/5.0 (Windows NT 10.0; Win64; x64) AppleWebKit/537.36 (KHTML, like Gecko) Chrome/100.0.4896.127 Safari/537.36"

info: 🔥: Apr-28-2022 13:55:12: ::1 - - [28/Apr/2022:06:55:12 +0000] "GET /api-docs/swagger-ui-bundle.js HTTP/1.1" 304 - "-" "Mozilla/5.0 (Windows NT 10.0; Win64; x64) AppleWebKit/537.36 (KHTML, like Gecko) Chrome/100.0.4896.127 Safari/537.36"

info: 🔥: Apr-28-2022 13:55:12: ::1 - - [28/Apr/2022:06:55:12 +0000] "GET /api-docs/swagger-ui-init.js HTTP/1.1" 200 1907 "-" "Mozilla/5.0 (Windows NT 10.0; Win64; x64) AppleWebKit/537.36 (KHTML, like Gecko) Chrome/100.0.4896.127 Safari/537.36"

info: 🔥: Apr-28-2022 13:55:12: ::1 - - [28/Apr/2022:06:55:12 +0000] "GET /api-docs/swagger-ui-standalone-preset.js HTTP/1.1" 304 - "-" "Mozilla/5.0 (Windows NT 10.0; Win64; x64) AppleWebKit/537.36 (KHTML, like Gecko) Chrome/100.0.4896.127 Safari/537.36"

info: 🔥: Apr-28-2022 13:55:12: ::1 - - [28/Apr/2022:06:55:12 +0000] "GET /api-docs/favicon-32x32.png HTTP/1.1" 304 - "-" "Mozilla/5.0 (Windows NT 10.0; Win64; x64) AppleWebKit/537.36 (KHTML, like Gecko) Chrome/100.0.4896.127 Safari/537.36"

info: 🔥: Apr-28-2022 13:56:11: ::1 - - [28/Apr/2022:06:56:11 +0000] "GET /api-docs/ HTTP/1.1" 304 - "-" "Mozilla/5.0 (Windows NT 10.0; Win64; x64) AppleWebKit/537.36 (KHTML, like Gecko) Chrome/100.0.4896.127 Safari/537.36"

info: 🔥: Apr-28-2022 13:56:11: ::1 - - [28/Apr/2022:06:56:11 +0000] "GET /api-docs/swagger-ui.css HTTP/1.1" 304 - "-" "Mozilla/5.0 (Windows NT 10.0; Win64; x64) AppleWebKit/537.36 (KHTML, like Gecko) Chrome/100.0.4896.127 Safari/537.36"

info: 🔥: Apr-28-2022 13:56:11: ::1 - - [28/Apr/2022:06:56:11 +0000] "GET /api-docs/swagger-ui-bundle.js HTTP/1.1" 304 - "-" "Mozilla/5.0 (Windows NT 10.0; Win64; x64) AppleWebKit/537.36 (KHTML, like Gecko) Chrome/100.0.4896.127 Safari/537.36"

info: 🔥: Apr-28-2022 13:56:11: ::1 - - [28/Apr/2022:06:56:11 +0000] "GET /api-docs/swagger-ui-init.js HTTP/1.1" 304 - "-" "Mozilla/5.0 (Windows NT 10.0; Win64; x64) AppleWebKit/537.36 (KHTML, like Gecko) Chrome/100.0.4896.127 Safari/537.36"

info: 🔥: Apr-28-2022 13:56:11: ::1 - - [28/Apr/2022:06:56:11 +0000] "GET /api-docs/swagger-ui-standalone-preset.js HTTP/1.1" 304 - "-" "Mozilla/5.0 (Windows NT 10.0; Win64; x64) AppleWebKit/537.36 (KHTML, like Gecko) Chrome/100.0.4896.127 Safari/537.36"

info: 🔥: Apr-28-2022 13:56:12: ::1 - - [28/Apr/2022:06:56:12 +0000] "GET /api-docs/favicon-32x32.png HTTP/1.1" 304 - "-" "Mozilla/5.0 (Windows NT 10.0; Win64; x64) AppleWebKit/537.36 (KHTML, like Gecko) Chrome/100.0.4896.127 Safari/537.36"

info: 🔥: Apr-28-2022 13:58:59: ::1 - - [28/Apr/2022:06:58:59 +0000] "GET /api-docs/ HTTP/1.1" 304 - "-" "Mozilla/5.0 (Windows NT 10.0; Win64; x64) AppleWebKit/537.36 (KHTML, like Gecko) Chrome/100.0.4896.127 Safari/537.36"

info: 🔥: Apr-28-2022 13:58:59: ::1 - - [28/Apr/2022:06:58:59 +0000] "GET /api-docs/swagger-ui.css HTTP/1.1" 304 - "-" "Mozilla/5.0 (Windows NT 10.0; Win64; x64) AppleWebKit/537.36 (KHTML, like Gecko) Chrome/100.0.4896.127 Safari/537.36"

info: 🔥: Apr-28-2022 13:58:59: ::1 - - [28/Apr/2022:06:58:59 +0000] "GET /api-docs/swagger-ui-bundle.js HTTP/1.1" 304 - "-" "Mozilla/5.0 (Windows NT 10.0; Win64; x64) AppleWebKit/537.36 (KHTML, like Gecko) Chrome/100.0.4896.127 Safari/537.36"

info: 🔥: Apr-28-2022 13:58:59: ::1 - - [28/Apr/2022:06:58:59 +0000] "GET /api-docs/swagger-ui-init.js HTTP/1.1" 200 2406 "-" "Mozilla/5.0 (Windows NT 10.0; Win64; x64) AppleWebKit/537.36 (KHTML, like Gecko) Chrome/100.0.4896.127 Safari/537.36"

info: 🔥: Apr-28-2022 13:58:59: ::1 - - [28/Apr/2022:06:58:59 +0000] "GET /api-docs/swagger-ui-standalone-preset.js HTTP/1.1" 304 - "-" "Mozilla/5.0 (Windows NT 10.0; Win64; x64) AppleWebKit/537.36 (KHTML, like Gecko) Chrome/100.0.4896.127 Safari/537.36"

info: 🔥: Apr-28-2022 13:59:00: ::1 - - [28/Apr/2022:06:59:00 +0000] "GET /api-docs/favicon-32x32.png HTTP/1.1" 304 - "-" "Mozilla/5.0 (Windows NT 10.0; Win64; x64) AppleWebKit/537.36 (KHTML, like Gecko) Chrome/100.0.4896.127 Safari/537.36"

info: 🔥: Apr-28-2022 13:59:26: ::1 - - [28/Apr/2022:06:59:26 +0000] "GET /api-docs/ HTTP/1.1" 304 - "-" "Mozilla/5.0 (Windows NT 10.0; Win64; x64) AppleWebKit/537.36 (KHTML, like Gecko) Chrome/100.0.4896.127 Safari/537.36"

info: 🔥: Apr-28-2022 13:59:26: ::1 - - [28/Apr/2022:06:59:26 +0000] "GET /api-docs/swagger-ui-init.js HTTP/1.1" 200 2413 "-" "Mozilla/5.0 (Windows NT 10.0; Win64; x64) AppleWebKit/537.36 (KHTML, like Gecko) Chrome/100.0.4896.127 Safari/537.36"

info: 🔥: Apr-28-2022 13:59:26: ::1 - - [28/Apr/2022:06:59:26 +0000] "GET /api-docs/swagger-ui-standalone-preset.js HTTP/1.1" 304 - "-" "Mozilla/5.0 (Windows NT 10.0; Win64; x64) AppleWebKit/537.36 (KHTML, like Gecko) Chrome/100.0.4896.127 Safari/537.36"

info: 🔥: Apr-28-2022 13:59:26: ::1 - - [28/Apr/2022:06:59:26 +0000] "GET /api-docs/swagger-ui.css HTTP/1.1" 304 - "-" "Mozilla/5.0 (Windows NT 10.0; Win64; x64) AppleWebKit/537.36 (KHTML, like Gecko) Chrome/100.0.4896.127 Safari/537.36"

info: 🔥: Apr-28-2022 13:59:26: ::1 - - [28/Apr/2022:06:59:26 +0000] "GET /api-docs/swagger-ui-bundle.js HTTP/1.1" 304 - "-" "Mozilla/5.0 (Windows NT 10.0; Win64; x64) AppleWebKit/537.36 (KHTML, like Gecko) Chrome/100.0.4896.127 Safari/537.36"

info: 🔥: Apr-28-2022 13:59:26: ::1 - - [28/Apr/2022:06:59:26 +0000] "GET /api-docs/favicon-32x32.png HTTP/1.1" 304 - "-" "Mozilla/5.0 (Windows NT 10.0; Win64; x64) AppleWebKit/537.36 (KHTML, like Gecko) Chrome/100.0.4896.127 Safari/537.36"

error: 🔥: Apr-28-2022 13:59:51: /tutorial---GET---404---API not found
info: 🔥: Apr-28-2022 13:59:51: ::1 - - [28/Apr/2022:06:59:51 +0000] "GET /tutorial HTTP/1.1" 404 75 "-" "Mozilla/5.0 (Windows NT 10.0; Win64; x64) AppleWebKit/537.36 (KHTML, like Gecko) Chrome/100.0.4896.127 Safari/537.36"

error: 🔥: Apr-28-2022 13:59:53: /tutorial---GET---404---API not found
info: 🔥: Apr-28-2022 13:59:53: ::1 - - [28/Apr/2022:06:59:53 +0000] "GET /tutorial HTTP/1.1" 404 75 "-" "Mozilla/5.0 (Windows NT 10.0; Win64; x64) AppleWebKit/537.36 (KHTML, like Gecko) Chrome/100.0.4896.127 Safari/537.36"

error: 🔥: Apr-28-2022 13:59:53: /tutorial---GET---404---API not found
info: 🔥: Apr-28-2022 13:59:53: ::1 - - [28/Apr/2022:06:59:53 +0000] "GET /tutorial HTTP/1.1" 404 75 "-" "Mozilla/5.0 (Windows NT 10.0; Win64; x64) AppleWebKit/537.36 (KHTML, like Gecko) Chrome/100.0.4896.127 Safari/537.36"

error: 🔥: Apr-28-2022 13:59:54: /tutorial---GET---404---API not found
info: 🔥: Apr-28-2022 13:59:54: ::1 - - [28/Apr/2022:06:59:54 +0000] "GET /tutorial HTTP/1.1" 404 75 "-" "Mozilla/5.0 (Windows NT 10.0; Win64; x64) AppleWebKit/537.36 (KHTML, like Gecko) Chrome/100.0.4896.127 Safari/537.36"

error: 🔥: Apr-28-2022 13:59:54: /tutorial---GET---404---API not found
info: 🔥: Apr-28-2022 13:59:54: ::1 - - [28/Apr/2022:06:59:54 +0000] "GET /tutorial HTTP/1.1" 404 75 "-" "Mozilla/5.0 (Windows NT 10.0; Win64; x64) AppleWebKit/537.36 (KHTML, like Gecko) Chrome/100.0.4896.127 Safari/537.36"

error: 🔥: Apr-28-2022 13:59:54: /tutorial---GET---404---API not found
info: 🔥: Apr-28-2022 13:59:54: ::1 - - [28/Apr/2022:06:59:54 +0000] "GET /tutorial HTTP/1.1" 404 75 "-" "Mozilla/5.0 (Windows NT 10.0; Win64; x64) AppleWebKit/537.36 (KHTML, like Gecko) Chrome/100.0.4896.127 Safari/537.36"

error: 🔥: Apr-28-2022 13:59:55: /tutorial---GET---404---API not found
info: 🔥: Apr-28-2022 13:59:55: ::1 - - [28/Apr/2022:06:59:55 +0000] "GET /tutorial HTTP/1.1" 404 75 "-" "Mozilla/5.0 (Windows NT 10.0; Win64; x64) AppleWebKit/537.36 (KHTML, like Gecko) Chrome/100.0.4896.127 Safari/537.36"

error: 🔥: Apr-28-2022 14:00:11: /tutorial---GET---404---API not found
info: 🔥: Apr-28-2022 14:00:11: ::1 - - [28/Apr/2022:07:00:11 +0000] "GET /tutorial HTTP/1.1" 404 75 "-" "Mozilla/5.0 (Windows NT 10.0; Win64; x64) AppleWebKit/537.36 (KHTML, like Gecko) Chrome/100.0.4896.127 Safari/537.36"

error: 🔥: Apr-28-2022 14:00:11: /tutorial---GET---404---API not found
info: 🔥: Apr-28-2022 14:00:11: ::1 - - [28/Apr/2022:07:00:11 +0000] "GET /tutorial HTTP/1.1" 404 75 "-" "Mozilla/5.0 (Windows NT 10.0; Win64; x64) AppleWebKit/537.36 (KHTML, like Gecko) Chrome/100.0.4896.127 Safari/537.36"

error: 🔥: Apr-28-2022 14:00:12: /tutorial---GET---404---API not found
info: 🔥: Apr-28-2022 14:00:12: ::1 - - [28/Apr/2022:07:00:12 +0000] "GET /tutorial HTTP/1.1" 404 75 "-" "Mozilla/5.0 (Windows NT 10.0; Win64; x64) AppleWebKit/537.36 (KHTML, like Gecko) Chrome/100.0.4896.127 Safari/537.36"

error: 🔥: Apr-28-2022 14:00:12: /tutorial---GET---404---API not found
info: 🔥: Apr-28-2022 14:00:12: ::1 - - [28/Apr/2022:07:00:12 +0000] "GET /tutorial HTTP/1.1" 404 75 "-" "Mozilla/5.0 (Windows NT 10.0; Win64; x64) AppleWebKit/537.36 (KHTML, like Gecko) Chrome/100.0.4896.127 Safari/537.36"

info: 🔥: Apr-28-2022 14:00:14: ::1 - - [28/Apr/2022:07:00:14 +0000] "GET /api-docs/ HTTP/1.1" 304 - "-" "Mozilla/5.0 (Windows NT 10.0; Win64; x64) AppleWebKit/537.36 (KHTML, like Gecko) Chrome/100.0.4896.127 Safari/537.36"

info: 🔥: Apr-28-2022 14:00:14: ::1 - - [28/Apr/2022:07:00:14 +0000] "GET /api-docs/swagger-ui.css HTTP/1.1" 304 - "-" "Mozilla/5.0 (Windows NT 10.0; Win64; x64) AppleWebKit/537.36 (KHTML, like Gecko) Chrome/100.0.4896.127 Safari/537.36"

info: 🔥: Apr-28-2022 14:00:14: ::1 - - [28/Apr/2022:07:00:14 +0000] "GET /api-docs/swagger-ui-bundle.js HTTP/1.1" 304 - "-" "Mozilla/5.0 (Windows NT 10.0; Win64; x64) AppleWebKit/537.36 (KHTML, like Gecko) Chrome/100.0.4896.127 Safari/537.36"

info: 🔥: Apr-28-2022 14:00:14: ::1 - - [28/Apr/2022:07:00:14 +0000] "GET /api-docs/swagger-ui-init.js HTTP/1.1" 200 2417 "-" "Mozilla/5.0 (Windows NT 10.0; Win64; x64) AppleWebKit/537.36 (KHTML, like Gecko) Chrome/100.0.4896.127 Safari/537.36"

info: 🔥: Apr-28-2022 14:00:14: ::1 - - [28/Apr/2022:07:00:14 +0000] "GET /api-docs/swagger-ui-standalone-preset.js HTTP/1.1" 304 - "-" "Mozilla/5.0 (Windows NT 10.0; Win64; x64) AppleWebKit/537.36 (KHTML, like Gecko) Chrome/100.0.4896.127 Safari/537.36"

info: 🔥: Apr-28-2022 14:00:14: ::1 - - [28/Apr/2022:07:00:14 +0000] "GET /api-docs/favicon-32x32.png HTTP/1.1" 304 - "-" "Mozilla/5.0 (Windows NT 10.0; Win64; x64) AppleWebKit/537.36 (KHTML, like Gecko) Chrome/100.0.4896.127 Safari/537.36"

error: 🔥: Apr-28-2022 14:00:18: /api/tutorial---GET---ValidationError: "title" is required
info: 🔥: Apr-28-2022 14:00:18: ::1 - - [28/Apr/2022:07:00:18 +0000] "GET /api/tutorial HTTP/1.1" 400 89 "-" "Mozilla/5.0 (Windows NT 10.0; Win64; x64) AppleWebKit/537.36 (KHTML, like Gecko) Chrome/100.0.4896.127 Safari/537.36"

error: 🔥: Apr-28-2022 14:00:18: /api/tutorial---GET---ValidationError: "title" is required
info: 🔥: Apr-28-2022 14:00:18: ::1 - - [28/Apr/2022:07:00:18 +0000] "GET /api/tutorial HTTP/1.1" 400 89 "-" "Mozilla/5.0 (Windows NT 10.0; Win64; x64) AppleWebKit/537.36 (KHTML, like Gecko) Chrome/100.0.4896.127 Safari/537.36"

info: 🔥: Apr-28-2022 14:01:36: ::1 - - [28/Apr/2022:07:01:36 +0000] "GET /api-docs/ HTTP/1.1" 304 - "-" "Mozilla/5.0 (Windows NT 10.0; Win64; x64) AppleWebKit/537.36 (KHTML, like Gecko) Chrome/100.0.4896.127 Safari/537.36"

info: 🔥: Apr-28-2022 14:01:36: ::1 - - [28/Apr/2022:07:01:36 +0000] "GET /api-docs/swagger-ui.css HTTP/1.1" 304 - "-" "Mozilla/5.0 (Windows NT 10.0; Win64; x64) AppleWebKit/537.36 (KHTML, like Gecko) Chrome/100.0.4896.127 Safari/537.36"

info: 🔥: Apr-28-2022 14:01:36: ::1 - - [28/Apr/2022:07:01:36 +0000] "GET /api-docs/swagger-ui-bundle.js HTTP/1.1" 304 - "-" "Mozilla/5.0 (Windows NT 10.0; Win64; x64) AppleWebKit/537.36 (KHTML, like Gecko) Chrome/100.0.4896.127 Safari/537.36"

info: 🔥: Apr-28-2022 14:01:36: ::1 - - [28/Apr/2022:07:01:36 +0000] "GET /api-docs/swagger-ui-init.js HTTP/1.1" 304 - "-" "Mozilla/5.0 (Windows NT 10.0; Win64; x64) AppleWebKit/537.36 (KHTML, like Gecko) Chrome/100.0.4896.127 Safari/537.36"

info: 🔥: Apr-28-2022 14:01:36: ::1 - - [28/Apr/2022:07:01:36 +0000] "GET /api-docs/swagger-ui-standalone-preset.js HTTP/1.1" 304 - "-" "Mozilla/5.0 (Windows NT 10.0; Win64; x64) AppleWebKit/537.36 (KHTML, like Gecko) Chrome/100.0.4896.127 Safari/537.36"

info: 🔥: Apr-28-2022 14:01:37: ::1 - - [28/Apr/2022:07:01:37 +0000] "GET /api-docs/favicon-32x32.png HTTP/1.1" 304 - "-" "Mozilla/5.0 (Windows NT 10.0; Win64; x64) AppleWebKit/537.36 (KHTML, like Gecko) Chrome/100.0.4896.127 Safari/537.36"

error: 🔥: Apr-28-2022 14:01:40: /api/tutorial---GET---undefined---Unknown column 'Tutorial.where' in 'where clause'
info: 🔥: Apr-28-2022 14:01:40: ::1 - - [28/Apr/2022:07:01:40 +0000] "GET /api/tutorial HTTP/1.1" 500 111 "-" "Mozilla/5.0 (Windows NT 10.0; Win64; x64) AppleWebKit/537.36 (KHTML, like Gecko) Chrome/100.0.4896.127 Safari/537.36"

error: 🔥: Apr-28-2022 14:01:41: /api/tutorial---GET---undefined---Unknown column 'Tutorial.where' in 'where clause'
info: 🔥: Apr-28-2022 14:01:41: ::1 - - [28/Apr/2022:07:01:41 +0000] "GET /api/tutorial HTTP/1.1" 500 111 "-" "Mozilla/5.0 (Windows NT 10.0; Win64; x64) AppleWebKit/537.36 (KHTML, like Gecko) Chrome/100.0.4896.127 Safari/537.36"

info: 🔥: Apr-28-2022 14:02:58: ::1 - - [28/Apr/2022:07:02:58 +0000] "GET /api/tutorial HTTP/1.1" 200 69 "-" "Mozilla/5.0 (Windows NT 10.0; Win64; x64) AppleWebKit/537.36 (KHTML, like Gecko) Chrome/100.0.4896.127 Safari/537.36"

info: 🔥: Apr-28-2022 14:03:32: ::1 - - [28/Apr/2022:07:03:32 +0000] "GET /api/tutorial HTTP/1.1" 304 - "-" "Mozilla/5.0 (Windows NT 10.0; Win64; x64) AppleWebKit/537.36 (KHTML, like Gecko) Chrome/100.0.4896.127 Safari/537.36"

info: 🔥: Apr-28-2022 14:07:31: ::1 - - [28/Apr/2022:07:07:31 +0000] "GET /api/tutorial HTTP/1.1" 304 - "-" "Mozilla/5.0 (Windows NT 10.0; Win64; x64) AppleWebKit/537.36 (KHTML, like Gecko) Chrome/100.0.4896.127 Safari/537.36"

info: 🔥: Apr-28-2022 14:07:58: ::1 - - [28/Apr/2022:07:07:58 +0000] "GET /api-docs/ HTTP/1.1" 304 - "-" "Mozilla/5.0 (Windows NT 10.0; Win64; x64) AppleWebKit/537.36 (KHTML, like Gecko) Chrome/100.0.4896.127 Safari/537.36"

info: 🔥: Apr-28-2022 14:07:58: ::1 - - [28/Apr/2022:07:07:58 +0000] "GET /api-docs/swagger-ui.css HTTP/1.1" 304 - "-" "Mozilla/5.0 (Windows NT 10.0; Win64; x64) AppleWebKit/537.36 (KHTML, like Gecko) Chrome/100.0.4896.127 Safari/537.36"

info: 🔥: Apr-28-2022 14:07:58: ::1 - - [28/Apr/2022:07:07:58 +0000] "GET /api-docs/swagger-ui-bundle.js HTTP/1.1" 304 - "-" "Mozilla/5.0 (Windows NT 10.0; Win64; x64) AppleWebKit/537.36 (KHTML, like Gecko) Chrome/100.0.4896.127 Safari/537.36"

info: 🔥: Apr-28-2022 14:07:58: ::1 - - [28/Apr/2022:07:07:58 +0000] "GET /api-docs/swagger-ui-init.js HTTP/1.1" 200 2904 "-" "Mozilla/5.0 (Windows NT 10.0; Win64; x64) AppleWebKit/537.36 (KHTML, like Gecko) Chrome/100.0.4896.127 Safari/537.36"

info: 🔥: Apr-28-2022 14:07:58: ::1 - - [28/Apr/2022:07:07:58 +0000] "GET /api-docs/swagger-ui-standalone-preset.js HTTP/1.1" 304 - "-" "Mozilla/5.0 (Windows NT 10.0; Win64; x64) AppleWebKit/537.36 (KHTML, like Gecko) Chrome/100.0.4896.127 Safari/537.36"

info: 🔥: Apr-28-2022 14:07:58: ::1 - - [28/Apr/2022:07:07:58 +0000] "GET /api-docs/favicon-32x32.png HTTP/1.1" 304 - "-" "Mozilla/5.0 (Windows NT 10.0; Win64; x64) AppleWebKit/537.36 (KHTML, like Gecko) Chrome/100.0.4896.127 Safari/537.36"

info: 🔥: Apr-28-2022 14:08:05: ::1 - - [28/Apr/2022:07:08:05 +0000] "GET /api/tutorial HTTP/1.1" 304 - "-" "Mozilla/5.0 (Windows NT 10.0; Win64; x64) AppleWebKit/537.36 (KHTML, like Gecko) Chrome/100.0.4896.127 Safari/537.36"

info: 🔥: Apr-28-2022 14:08:06: ::1 - - [28/Apr/2022:07:08:06 +0000] "GET /api/tutorial HTTP/1.1" 304 - "-" "Mozilla/5.0 (Windows NT 10.0; Win64; x64) AppleWebKit/537.36 (KHTML, like Gecko) Chrome/100.0.4896.127 Safari/537.36"

info: 🔥: Apr-28-2022 14:08:07: ::1 - - [28/Apr/2022:07:08:07 +0000] "GET /api/tutorial HTTP/1.1" 304 - "-" "Mozilla/5.0 (Windows NT 10.0; Win64; x64) AppleWebKit/537.36 (KHTML, like Gecko) Chrome/100.0.4896.127 Safari/537.36"

info: 🔥: Apr-28-2022 14:08:07: ::1 - - [28/Apr/2022:07:08:07 +0000] "GET /api/tutorial HTTP/1.1" 304 - "-" "Mozilla/5.0 (Windows NT 10.0; Win64; x64) AppleWebKit/537.36 (KHTML, like Gecko) Chrome/100.0.4896.127 Safari/537.36"

info: 🔥: Apr-28-2022 14:08:07: ::1 - - [28/Apr/2022:07:08:07 +0000] "GET /api/tutorial HTTP/1.1" 304 - "-" "Mozilla/5.0 (Windows NT 10.0; Win64; x64) AppleWebKit/537.36 (KHTML, like Gecko) Chrome/100.0.4896.127 Safari/537.36"

info: 🔥: Apr-28-2022 14:08:07: ::1 - - [28/Apr/2022:07:08:07 +0000] "GET /api/tutorial HTTP/1.1" 304 - "-" "Mozilla/5.0 (Windows NT 10.0; Win64; x64) AppleWebKit/537.36 (KHTML, like Gecko) Chrome/100.0.4896.127 Safari/537.36"

info: 🔥: Apr-28-2022 14:08:08: ::1 - - [28/Apr/2022:07:08:08 +0000] "GET /api/tutorial HTTP/1.1" 304 - "-" "Mozilla/5.0 (Windows NT 10.0; Win64; x64) AppleWebKit/537.36 (KHTML, like Gecko) Chrome/100.0.4896.127 Safari/537.36"

info: 🔥: Apr-28-2022 14:08:11: ::1 - - [28/Apr/2022:07:08:11 +0000] "GET /api/tutorial HTTP/1.1" 304 - "-" "Mozilla/5.0 (Windows NT 10.0; Win64; x64) AppleWebKit/537.36 (KHTML, like Gecko) Chrome/100.0.4896.127 Safari/537.36"

info: 🔥: Apr-28-2022 14:08:11: ::1 - - [28/Apr/2022:07:08:11 +0000] "GET /api/tutorial HTTP/1.1" 304 - "-" "Mozilla/5.0 (Windows NT 10.0; Win64; x64) AppleWebKit/537.36 (KHTML, like Gecko) Chrome/100.0.4896.127 Safari/537.36"

info: 🔥: Apr-28-2022 14:08:11: ::1 - - [28/Apr/2022:07:08:11 +0000] "GET /api/tutorial HTTP/1.1" 304 - "-" "Mozilla/5.0 (Windows NT 10.0; Win64; x64) AppleWebKit/537.36 (KHTML, like Gecko) Chrome/100.0.4896.127 Safari/537.36"

info: 🔥: Apr-28-2022 14:08:11: ::1 - - [28/Apr/2022:07:08:11 +0000] "GET /api/tutorial HTTP/1.1" 304 - "-" "Mozilla/5.0 (Windows NT 10.0; Win64; x64) AppleWebKit/537.36 (KHTML, like Gecko) Chrome/100.0.4896.127 Safari/537.36"

info: 🔥: Apr-28-2022 14:08:11: ::1 - - [28/Apr/2022:07:08:11 +0000] "GET /api/tutorial HTTP/1.1" 304 - "-" "Mozilla/5.0 (Windows NT 10.0; Win64; x64) AppleWebKit/537.36 (KHTML, like Gecko) Chrome/100.0.4896.127 Safari/537.36"

info: 🔥: Apr-28-2022 14:08:12: ::1 - - [28/Apr/2022:07:08:12 +0000] "GET /api/tutorial HTTP/1.1" 304 - "-" "Mozilla/5.0 (Windows NT 10.0; Win64; x64) AppleWebKit/537.36 (KHTML, like Gecko) Chrome/100.0.4896.127 Safari/537.36"

info: 🔥: Apr-28-2022 14:08:12: ::1 - - [28/Apr/2022:07:08:12 +0000] "GET /api/tutorial HTTP/1.1" 304 - "-" "Mozilla/5.0 (Windows NT 10.0; Win64; x64) AppleWebKit/537.36 (KHTML, like Gecko) Chrome/100.0.4896.127 Safari/537.36"

info: 🔥: Apr-28-2022 14:08:12: ::1 - - [28/Apr/2022:07:08:12 +0000] "GET /api/tutorial HTTP/1.1" 304 - "-" "Mozilla/5.0 (Windows NT 10.0; Win64; x64) AppleWebKit/537.36 (KHTML, like Gecko) Chrome/100.0.4896.127 Safari/537.36"

info: 🔥: Apr-28-2022 14:08:12: ::1 - - [28/Apr/2022:07:08:12 +0000] "GET /api/tutorial HTTP/1.1" 304 - "-" "Mozilla/5.0 (Windows NT 10.0; Win64; x64) AppleWebKit/537.36 (KHTML, like Gecko) Chrome/100.0.4896.127 Safari/537.36"

info: 🔥: Apr-28-2022 14:08:13: ::1 - - [28/Apr/2022:07:08:13 +0000] "GET /api/tutorial HTTP/1.1" 304 - "-" "Mozilla/5.0 (Windows NT 10.0; Win64; x64) AppleWebKit/537.36 (KHTML, like Gecko) Chrome/100.0.4896.127 Safari/537.36"

info: 🔥: Apr-28-2022 14:08:13: ::1 - - [28/Apr/2022:07:08:13 +0000] "GET /api/tutorial HTTP/1.1" 304 - "-" "Mozilla/5.0 (Windows NT 10.0; Win64; x64) AppleWebKit/537.36 (KHTML, like Gecko) Chrome/100.0.4896.127 Safari/537.36"

info: 🔥: Apr-28-2022 14:08:25: ::1 - - [28/Apr/2022:07:08:25 +0000] "GET /api-docs/ HTTP/1.1" 304 - "-" "Mozilla/5.0 (Windows NT 10.0; Win64; x64) AppleWebKit/537.36 (KHTML, like Gecko) Chrome/100.0.4896.127 Safari/537.36"

info: 🔥: Apr-28-2022 14:08:25: ::1 - - [28/Apr/2022:07:08:25 +0000] "GET /api-docs/swagger-ui.css HTTP/1.1" 304 - "-" "Mozilla/5.0 (Windows NT 10.0; Win64; x64) AppleWebKit/537.36 (KHTML, like Gecko) Chrome/100.0.4896.127 Safari/537.36"

info: 🔥: Apr-28-2022 14:08:25: ::1 - - [28/Apr/2022:07:08:25 +0000] "GET /api-docs/swagger-ui-bundle.js HTTP/1.1" 304 - "-" "Mozilla/5.0 (Windows NT 10.0; Win64; x64) AppleWebKit/537.36 (KHTML, like Gecko) Chrome/100.0.4896.127 Safari/537.36"

info: 🔥: Apr-28-2022 14:08:25: ::1 - - [28/Apr/2022:07:08:25 +0000] "GET /api-docs/swagger-ui-init.js HTTP/1.1" 200 3104 "-" "Mozilla/5.0 (Windows NT 10.0; Win64; x64) AppleWebKit/537.36 (KHTML, like Gecko) Chrome/100.0.4896.127 Safari/537.36"

info: 🔥: Apr-28-2022 14:08:25: ::1 - - [28/Apr/2022:07:08:25 +0000] "GET /api-docs/swagger-ui-standalone-preset.js HTTP/1.1" 304 - "-" "Mozilla/5.0 (Windows NT 10.0; Win64; x64) AppleWebKit/537.36 (KHTML, like Gecko) Chrome/100.0.4896.127 Safari/537.36"

info: 🔥: Apr-28-2022 14:08:25: ::1 - - [28/Apr/2022:07:08:25 +0000] "GET /api-docs/favicon-32x32.png HTTP/1.1" 304 - "-" "Mozilla/5.0 (Windows NT 10.0; Win64; x64) AppleWebKit/537.36 (KHTML, like Gecko) Chrome/100.0.4896.127 Safari/537.36"

info: 🔥: Apr-28-2022 14:08:30: ::1 - - [28/Apr/2022:07:08:30 +0000] "GET /api/tutorial HTTP/1.1" 304 - "-" "Mozilla/5.0 (Windows NT 10.0; Win64; x64) AppleWebKit/537.36 (KHTML, like Gecko) Chrome/100.0.4896.127 Safari/537.36"

info: 🔥: Apr-28-2022 14:08:31: ::1 - - [28/Apr/2022:07:08:31 +0000] "GET /api/tutorial HTTP/1.1" 304 - "-" "Mozilla/5.0 (Windows NT 10.0; Win64; x64) AppleWebKit/537.36 (KHTML, like Gecko) Chrome/100.0.4896.127 Safari/537.36"

info: 🔥: Apr-28-2022 14:09:04: ::1 - - [28/Apr/2022:07:09:04 +0000] "GET /api-docs/ HTTP/1.1" 304 - "-" "Mozilla/5.0 (Windows NT 10.0; Win64; x64) AppleWebKit/537.36 (KHTML, like Gecko) Chrome/100.0.4896.127 Safari/537.36"

info: 🔥: Apr-28-2022 14:09:04: ::1 - - [28/Apr/2022:07:09:04 +0000] "GET /api-docs/swagger-ui.css HTTP/1.1" 304 - "-" "Mozilla/5.0 (Windows NT 10.0; Win64; x64) AppleWebKit/537.36 (KHTML, like Gecko) Chrome/100.0.4896.127 Safari/537.36"

info: 🔥: Apr-28-2022 14:09:04: ::1 - - [28/Apr/2022:07:09:04 +0000] "GET /api-docs/swagger-ui-bundle.js HTTP/1.1" 304 - "-" "Mozilla/5.0 (Windows NT 10.0; Win64; x64) AppleWebKit/537.36 (KHTML, like Gecko) Chrome/100.0.4896.127 Safari/537.36"

info: 🔥: Apr-28-2022 14:09:04: ::1 - - [28/Apr/2022:07:09:04 +0000] "GET /api-docs/swagger-ui-init.js HTTP/1.1" 200 3121 "-" "Mozilla/5.0 (Windows NT 10.0; Win64; x64) AppleWebKit/537.36 (KHTML, like Gecko) Chrome/100.0.4896.127 Safari/537.36"

info: 🔥: Apr-28-2022 14:09:04: ::1 - - [28/Apr/2022:07:09:04 +0000] "GET /api-docs/swagger-ui-standalone-preset.js HTTP/1.1" 304 - "-" "Mozilla/5.0 (Windows NT 10.0; Win64; x64) AppleWebKit/537.36 (KHTML, like Gecko) Chrome/100.0.4896.127 Safari/537.36"

info: 🔥: Apr-28-2022 14:09:04: ::1 - - [28/Apr/2022:07:09:04 +0000] "GET /api-docs/favicon-32x32.png HTTP/1.1" 304 - "-" "Mozilla/5.0 (Windows NT 10.0; Win64; x64) AppleWebKit/537.36 (KHTML, like Gecko) Chrome/100.0.4896.127 Safari/537.36"

info: 🔥: Apr-28-2022 14:09:15: ::1 - - [28/Apr/2022:07:09:15 +0000] "GET /api-docs/ HTTP/1.1" 304 - "-" "Mozilla/5.0 (Windows NT 10.0; Win64; x64) AppleWebKit/537.36 (KHTML, like Gecko) Chrome/100.0.4896.127 Safari/537.36"

info: 🔥: Apr-28-2022 14:09:15: ::1 - - [28/Apr/2022:07:09:15 +0000] "GET /api-docs/swagger-ui.css HTTP/1.1" 304 - "-" "Mozilla/5.0 (Windows NT 10.0; Win64; x64) AppleWebKit/537.36 (KHTML, like Gecko) Chrome/100.0.4896.127 Safari/537.36"

info: 🔥: Apr-28-2022 14:09:15: ::1 - - [28/Apr/2022:07:09:15 +0000] "GET /api-docs/swagger-ui-bundle.js HTTP/1.1" 304 - "-" "Mozilla/5.0 (Windows NT 10.0; Win64; x64) AppleWebKit/537.36 (KHTML, like Gecko) Chrome/100.0.4896.127 Safari/537.36"

info: 🔥: Apr-28-2022 14:09:15: ::1 - - [28/Apr/2022:07:09:15 +0000] "GET /api-docs/swagger-ui-init.js HTTP/1.1" 200 3126 "-" "Mozilla/5.0 (Windows NT 10.0; Win64; x64) AppleWebKit/537.36 (KHTML, like Gecko) Chrome/100.0.4896.127 Safari/537.36"

info: 🔥: Apr-28-2022 14:09:15: ::1 - - [28/Apr/2022:07:09:15 +0000] "GET /api-docs/swagger-ui-standalone-preset.js HTTP/1.1" 304 - "-" "Mozilla/5.0 (Windows NT 10.0; Win64; x64) AppleWebKit/537.36 (KHTML, like Gecko) Chrome/100.0.4896.127 Safari/537.36"

info: 🔥: Apr-28-2022 14:09:15: ::1 - - [28/Apr/2022:07:09:15 +0000] "GET /api-docs/favicon-32x32.png HTTP/1.1" 304 - "-" "Mozilla/5.0 (Windows NT 10.0; Win64; x64) AppleWebKit/537.36 (KHTML, like Gecko) Chrome/100.0.4896.127 Safari/537.36"

error: 🔥: Apr-28-2022 14:09:26: /api/tutorial---POST---ValidationError: "title" is required. "published" must be a string. "_id" is not allowed. "name" is not allowed
info: 🔥: Apr-28-2022 14:09:26: ::1 - - [28/Apr/2022:07:09:26 +0000] "POST /api/tutorial HTTP/1.1" 400 170 "-" "Mozilla/5.0 (Windows NT 10.0; Win64; x64) AppleWebKit/537.36 (KHTML, like Gecko) Chrome/100.0.4896.127 Safari/537.36"

error: 🔥: Apr-28-2022 14:09:27: /api/tutorial---POST---ValidationError: "title" is required. "published" must be a string. "_id" is not allowed. "name" is not allowed
info: 🔥: Apr-28-2022 14:09:27: ::1 - - [28/Apr/2022:07:09:27 +0000] "POST /api/tutorial HTTP/1.1" 400 170 "-" "Mozilla/5.0 (Windows NT 10.0; Win64; x64) AppleWebKit/537.36 (KHTML, like Gecko) Chrome/100.0.4896.127 Safari/537.36"

error: 🔥: Apr-28-2022 14:10:01: uncaughtException: D:\Code\Example\docker-compose-nodejs-mysql\src\swagger.json: Unexpected token / in JSON at position 1538
SyntaxError: D:\Code\Example\docker-compose-nodejs-mysql\src\swagger.json: Unexpected token / in JSON at position 1538
    at parse (<anonymous>)
    at Object.Module._extensions..json (node:internal/modules/cjs/loader:1171:22)
    at Module.load (node:internal/modules/cjs/loader:981:32)
    at Function.Module._load (node:internal/modules/cjs/loader:822:12)
    at Module.require (node:internal/modules/cjs/loader:1005:19)
    at require (node:internal/modules/cjs/helpers:102:18)
    at Object.<anonymous> (D:\Code\Example\docker-compose-nodejs-mysql\src\server.js:10:25)
    at Module._compile (node:internal/modules/cjs/loader:1103:14)
    at Object.Module._extensions..js (node:internal/modules/cjs/loader:1157:10)
    at Module.load (node:internal/modules/cjs/loader:981:32)
    at Function.Module._load (node:internal/modules/cjs/loader:822:12)
    at Function.executeUserEntryPoint [as runMain] (node:internal/modules/run_main:77:12)
    at node:internal/main/run_main_module:17:47
info: 🔥: Apr-28-2022 14:10:09: ::1 - - [28/Apr/2022:07:10:09 +0000] "GET /api-docs/ HTTP/1.1" 304 - "-" "Mozilla/5.0 (Windows NT 10.0; Win64; x64) AppleWebKit/537.36 (KHTML, like Gecko) Chrome/100.0.4896.127 Safari/537.36"

info: 🔥: Apr-28-2022 14:10:09: ::1 - - [28/Apr/2022:07:10:09 +0000] "GET /api-docs/swagger-ui.css HTTP/1.1" 304 - "-" "Mozilla/5.0 (Windows NT 10.0; Win64; x64) AppleWebKit/537.36 (KHTML, like Gecko) Chrome/100.0.4896.127 Safari/537.36"

info: 🔥: Apr-28-2022 14:10:09: ::1 - - [28/Apr/2022:07:10:09 +0000] "GET /api-docs/swagger-ui-bundle.js HTTP/1.1" 304 - "-" "Mozilla/5.0 (Windows NT 10.0; Win64; x64) AppleWebKit/537.36 (KHTML, like Gecko) Chrome/100.0.4896.127 Safari/537.36"

info: 🔥: Apr-28-2022 14:10:09: ::1 - - [28/Apr/2022:07:10:09 +0000] "GET /api-docs/swagger-ui-init.js HTTP/1.1" 200 3040 "-" "Mozilla/5.0 (Windows NT 10.0; Win64; x64) AppleWebKit/537.36 (KHTML, like Gecko) Chrome/100.0.4896.127 Safari/537.36"

info: 🔥: Apr-28-2022 14:10:09: ::1 - - [28/Apr/2022:07:10:09 +0000] "GET /api-docs/swagger-ui-standalone-preset.js HTTP/1.1" 304 - "-" "Mozilla/5.0 (Windows NT 10.0; Win64; x64) AppleWebKit/537.36 (KHTML, like Gecko) Chrome/100.0.4896.127 Safari/537.36"

info: 🔥: Apr-28-2022 14:10:09: ::1 - - [28/Apr/2022:07:10:09 +0000] "GET /api-docs/favicon-32x32.png HTTP/1.1" 304 - "-" "Mozilla/5.0 (Windows NT 10.0; Win64; x64) AppleWebKit/537.36 (KHTML, like Gecko) Chrome/100.0.4896.127 Safari/537.36"

error: 🔥: Apr-28-2022 14:10:26: /api/tutorial---POST---ValidationError: "title" is required. "published" must be a string. "name" is not allowed
info: 🔥: Apr-28-2022 14:10:26: ::1 - - [28/Apr/2022:07:10:26 +0000] "POST /api/tutorial HTTP/1.1" 400 146 "-" "Mozilla/5.0 (Windows NT 10.0; Win64; x64) AppleWebKit/537.36 (KHTML, like Gecko) Chrome/100.0.4896.127 Safari/537.36"

error: 🔥: Apr-28-2022 14:10:27: /api/tutorial---POST---ValidationError: "title" is required. "published" must be a string. "name" is not allowed
info: 🔥: Apr-28-2022 14:10:27: ::1 - - [28/Apr/2022:07:10:27 +0000] "POST /api/tutorial HTTP/1.1" 400 146 "-" "Mozilla/5.0 (Windows NT 10.0; Win64; x64) AppleWebKit/537.36 (KHTML, like Gecko) Chrome/100.0.4896.127 Safari/537.36"

error: 🔥: Apr-28-2022 14:10:59: /api/tutorial---POST---ValidationError: "title" is required. "name" is not allowed
info: 🔥: Apr-28-2022 14:10:59: ::1 - - [28/Apr/2022:07:10:59 +0000] "POST /api/tutorial HTTP/1.1" 400 114 "-" "Mozilla/5.0 (Windows NT 10.0; Win64; x64) AppleWebKit/537.36 (KHTML, like Gecko) Chrome/100.0.4896.127 Safari/537.36"

info: 🔥: Apr-28-2022 14:11:01: ::1 - - [28/Apr/2022:07:11:01 +0000] "GET /api-docs/ HTTP/1.1" 304 - "-" "Mozilla/5.0 (Windows NT 10.0; Win64; x64) AppleWebKit/537.36 (KHTML, like Gecko) Chrome/100.0.4896.127 Safari/537.36"

info: 🔥: Apr-28-2022 14:11:01: ::1 - - [28/Apr/2022:07:11:01 +0000] "GET /api-docs/swagger-ui-init.js HTTP/1.1" 200 3041 "-" "Mozilla/5.0 (Windows NT 10.0; Win64; x64) AppleWebKit/537.36 (KHTML, like Gecko) Chrome/100.0.4896.127 Safari/537.36"

info: 🔥: Apr-28-2022 14:11:01: ::1 - - [28/Apr/2022:07:11:01 +0000] "GET /api-docs/swagger-ui.css HTTP/1.1" 304 - "-" "Mozilla/5.0 (Windows NT 10.0; Win64; x64) AppleWebKit/537.36 (KHTML, like Gecko) Chrome/100.0.4896.127 Safari/537.36"

info: 🔥: Apr-28-2022 14:11:01: ::1 - - [28/Apr/2022:07:11:01 +0000] "GET /api-docs/swagger-ui-bundle.js HTTP/1.1" 304 - "-" "Mozilla/5.0 (Windows NT 10.0; Win64; x64) AppleWebKit/537.36 (KHTML, like Gecko) Chrome/100.0.4896.127 Safari/537.36"

info: 🔥: Apr-28-2022 14:11:01: ::1 - - [28/Apr/2022:07:11:01 +0000] "GET /api-docs/swagger-ui-standalone-preset.js HTTP/1.1" 304 - "-" "Mozilla/5.0 (Windows NT 10.0; Win64; x64) AppleWebKit/537.36 (KHTML, like Gecko) Chrome/100.0.4896.127 Safari/537.36"

info: 🔥: Apr-28-2022 14:11:01: ::1 - - [28/Apr/2022:07:11:01 +0000] "GET /api-docs/favicon-32x32.png HTTP/1.1" 304 - "-" "Mozilla/5.0 (Windows NT 10.0; Win64; x64) AppleWebKit/537.36 (KHTML, like Gecko) Chrome/100.0.4896.127 Safari/537.36"

error: 🔥: Apr-28-2022 14:11:09: /api/tutorial---POST---undefined---result is not defined
info: 🔥: Apr-28-2022 14:11:09: ::1 - - [28/Apr/2022:07:11:09 +0000] "POST /api/tutorial HTTP/1.1" 500 83 "-" "Mozilla/5.0 (Windows NT 10.0; Win64; x64) AppleWebKit/537.36 (KHTML, like Gecko) Chrome/100.0.4896.127 Safari/537.36"

error: 🔥: Apr-28-2022 14:11:11: /api/tutorial---POST---undefined---result is not defined
info: 🔥: Apr-28-2022 14:11:11: ::1 - - [28/Apr/2022:07:11:11 +0000] "POST /api/tutorial HTTP/1.1" 500 83 "-" "Mozilla/5.0 (Windows NT 10.0; Win64; x64) AppleWebKit/537.36 (KHTML, like Gecko) Chrome/100.0.4896.127 Safari/537.36"

error: 🔥: Apr-28-2022 14:12:47: /api/tutorial---POST---undefined---result is not defined
info: 🔥: Apr-28-2022 14:12:47: ::1 - - [28/Apr/2022:07:12:47 +0000] "POST /api/tutorial HTTP/1.1" 500 83 "-" "Mozilla/5.0 (Windows NT 10.0; Win64; x64) AppleWebKit/537.36 (KHTML, like Gecko) Chrome/100.0.4896.127 Safari/537.36"

error: 🔥: Apr-28-2022 14:13:29: /api/tutorial---POST---undefined---result is not defined
info: 🔥: Apr-28-2022 14:13:29: ::1 - - [28/Apr/2022:07:13:29 +0000] "POST /api/tutorial HTTP/1.1" 500 83 "-" "Mozilla/5.0 (Windows NT 10.0; Win64; x64) AppleWebKit/537.36 (KHTML, like Gecko) Chrome/100.0.4896.127 Safari/537.36"

info: 🔥: Apr-28-2022 14:13:33: ::1 - - [28/Apr/2022:07:13:33 +0000] "GET /api-docs/ HTTP/1.1" 304 - "-" "Mozilla/5.0 (Windows NT 10.0; Win64; x64) AppleWebKit/537.36 (KHTML, like Gecko) Chrome/100.0.4896.127 Safari/537.36"

info: 🔥: Apr-28-2022 14:13:33: ::1 - - [28/Apr/2022:07:13:33 +0000] "GET /api-docs/swagger-ui.css HTTP/1.1" 304 - "-" "Mozilla/5.0 (Windows NT 10.0; Win64; x64) AppleWebKit/537.36 (KHTML, like Gecko) Chrome/100.0.4896.127 Safari/537.36"

info: 🔥: Apr-28-2022 14:13:33: ::1 - - [28/Apr/2022:07:13:33 +0000] "GET /api-docs/swagger-ui-bundle.js HTTP/1.1" 304 - "-" "Mozilla/5.0 (Windows NT 10.0; Win64; x64) AppleWebKit/537.36 (KHTML, like Gecko) Chrome/100.0.4896.127 Safari/537.36"

info: 🔥: Apr-28-2022 14:13:33: ::1 - - [28/Apr/2022:07:13:33 +0000] "GET /api-docs/swagger-ui-init.js HTTP/1.1" 304 - "-" "Mozilla/5.0 (Windows NT 10.0; Win64; x64) AppleWebKit/537.36 (KHTML, like Gecko) Chrome/100.0.4896.127 Safari/537.36"

info: 🔥: Apr-28-2022 14:13:33: ::1 - - [28/Apr/2022:07:13:33 +0000] "GET /api-docs/swagger-ui-standalone-preset.js HTTP/1.1" 304 - "-" "Mozilla/5.0 (Windows NT 10.0; Win64; x64) AppleWebKit/537.36 (KHTML, like Gecko) Chrome/100.0.4896.127 Safari/537.36"

info: 🔥: Apr-28-2022 14:13:33: ::1 - - [28/Apr/2022:07:13:33 +0000] "GET /api-docs/favicon-32x32.png HTTP/1.1" 304 - "-" "Mozilla/5.0 (Windows NT 10.0; Win64; x64) AppleWebKit/537.36 (KHTML, like Gecko) Chrome/100.0.4896.127 Safari/537.36"

error: 🔥: Apr-28-2022 14:13:37: /api/tutorial---POST---undefined---result is not defined
info: 🔥: Apr-28-2022 14:13:37: ::1 - - [28/Apr/2022:07:13:37 +0000] "POST /api/tutorial HTTP/1.1" 500 83 "-" "Mozilla/5.0 (Windows NT 10.0; Win64; x64) AppleWebKit/537.36 (KHTML, like Gecko) Chrome/100.0.4896.127 Safari/537.36"

error: 🔥: Apr-28-2022 14:13:38: /api/tutorial---POST---undefined---result is not defined
info: 🔥: Apr-28-2022 14:13:38: ::1 - - [28/Apr/2022:07:13:38 +0000] "POST /api/tutorial HTTP/1.1" 500 83 "-" "Mozilla/5.0 (Windows NT 10.0; Win64; x64) AppleWebKit/537.36 (KHTML, like Gecko) Chrome/100.0.4896.127 Safari/537.36"

info: 🔥: Apr-28-2022 14:13:56: ::1 - - [28/Apr/2022:07:13:56 +0000] "POST /api/tutorial HTTP/1.1" 200 61 "-" "Mozilla/5.0 (Windows NT 10.0; Win64; x64) AppleWebKit/537.36 (KHTML, like Gecko) Chrome/100.0.4896.127 Safari/537.36"

info: 🔥: Apr-28-2022 14:14:25: ::1 - - [28/Apr/2022:07:14:25 +0000] "POST /api/tutorial HTTP/1.1" 200 61 "-" "Mozilla/5.0 (Windows NT 10.0; Win64; x64) AppleWebKit/537.36 (KHTML, like Gecko) Chrome/100.0.4896.127 Safari/537.36"

info: 🔥: Apr-28-2022 14:16:29: ::1 - - [28/Apr/2022:07:16:29 +0000] "GET /api/tutorial HTTP/1.1" 200 1220 "-" "Mozilla/5.0 (Windows NT 10.0; Win64; x64) AppleWebKit/537.36 (KHTML, like Gecko) Chrome/100.0.4896.127 Safari/537.36"

info: 🔥: Apr-28-2022 14:16:29: ::1 - - [28/Apr/2022:07:16:29 +0000] "GET /api/tutorial HTTP/1.1" 304 - "-" "Mozilla/5.0 (Windows NT 10.0; Win64; x64) AppleWebKit/537.36 (KHTML, like Gecko) Chrome/100.0.4896.127 Safari/537.36"

error: 🔥: Apr-28-2022 14:21:06: uncaughtException: D:\Code\Example\docker-compose-nodejs-mysql\src\swagger.json: Unexpected token , in JSON at position 2003
SyntaxError: D:\Code\Example\docker-compose-nodejs-mysql\src\swagger.json: Unexpected token , in JSON at position 2003
    at parse (<anonymous>)
    at Object.Module._extensions..json (node:internal/modules/cjs/loader:1171:22)
    at Module.load (node:internal/modules/cjs/loader:981:32)
    at Function.Module._load (node:internal/modules/cjs/loader:822:12)
    at Module.require (node:internal/modules/cjs/loader:1005:19)
    at require (node:internal/modules/cjs/helpers:102:18)
    at Object.<anonymous> (D:\Code\Example\docker-compose-nodejs-mysql\src\server.js:10:25)
    at Module._compile (node:internal/modules/cjs/loader:1103:14)
    at Object.Module._extensions..js (node:internal/modules/cjs/loader:1157:10)
    at Module.load (node:internal/modules/cjs/loader:981:32)
    at Function.Module._load (node:internal/modules/cjs/loader:822:12)
    at Function.executeUserEntryPoint [as runMain] (node:internal/modules/run_main:77:12)
    at node:internal/main/run_main_module:17:47
info: 🔥: Apr-28-2022 14:22:09: ::1 - - [28/Apr/2022:07:22:09 +0000] "GET /api-docs/ HTTP/1.1" 304 - "-" "Mozilla/5.0 (Windows NT 10.0; Win64; x64) AppleWebKit/537.36 (KHTML, like Gecko) Chrome/100.0.4896.127 Safari/537.36"

info: 🔥: Apr-28-2022 14:22:09: ::1 - - [28/Apr/2022:07:22:09 +0000] "GET /api-docs/swagger-ui.css HTTP/1.1" 304 - "-" "Mozilla/5.0 (Windows NT 10.0; Win64; x64) AppleWebKit/537.36 (KHTML, like Gecko) Chrome/100.0.4896.127 Safari/537.36"

info: 🔥: Apr-28-2022 14:22:09: ::1 - - [28/Apr/2022:07:22:09 +0000] "GET /api-docs/swagger-ui-bundle.js HTTP/1.1" 304 - "-" "Mozilla/5.0 (Windows NT 10.0; Win64; x64) AppleWebKit/537.36 (KHTML, like Gecko) Chrome/100.0.4896.127 Safari/537.36"

info: 🔥: Apr-28-2022 14:22:09: ::1 - - [28/Apr/2022:07:22:09 +0000] "GET /api-docs/swagger-ui-init.js HTTP/1.1" 200 3686 "-" "Mozilla/5.0 (Windows NT 10.0; Win64; x64) AppleWebKit/537.36 (KHTML, like Gecko) Chrome/100.0.4896.127 Safari/537.36"

info: 🔥: Apr-28-2022 14:22:09: ::1 - - [28/Apr/2022:07:22:09 +0000] "GET /api-docs/swagger-ui-standalone-preset.js HTTP/1.1" 304 - "-" "Mozilla/5.0 (Windows NT 10.0; Win64; x64) AppleWebKit/537.36 (KHTML, like Gecko) Chrome/100.0.4896.127 Safari/537.36"

info: 🔥: Apr-28-2022 14:22:09: ::1 - - [28/Apr/2022:07:22:09 +0000] "GET /api-docs/favicon-32x32.png HTTP/1.1" 304 - "-" "Mozilla/5.0 (Windows NT 10.0; Win64; x64) AppleWebKit/537.36 (KHTML, like Gecko) Chrome/100.0.4896.127 Safari/537.36"

info: 🔥: Apr-28-2022 14:22:11: ::1 - - [28/Apr/2022:07:22:11 +0000] "GET /api-docs/ HTTP/1.1" 304 - "-" "Mozilla/5.0 (Windows NT 10.0; Win64; x64) AppleWebKit/537.36 (KHTML, like Gecko) Chrome/100.0.4896.127 Safari/537.36"

info: 🔥: Apr-28-2022 14:22:11: ::1 - - [28/Apr/2022:07:22:11 +0000] "GET /api-docs/swagger-ui-init.js HTTP/1.1" 304 - "-" "Mozilla/5.0 (Windows NT 10.0; Win64; x64) AppleWebKit/537.36 (KHTML, like Gecko) Chrome/100.0.4896.127 Safari/537.36"

info: 🔥: Apr-28-2022 14:22:11: ::1 - - [28/Apr/2022:07:22:11 +0000] "GET /api-docs/swagger-ui.css HTTP/1.1" 304 - "-" "Mozilla/5.0 (Windows NT 10.0; Win64; x64) AppleWebKit/537.36 (KHTML, like Gecko) Chrome/100.0.4896.127 Safari/537.36"

info: 🔥: Apr-28-2022 14:22:11: ::1 - - [28/Apr/2022:07:22:11 +0000] "GET /api-docs/swagger-ui-bundle.js HTTP/1.1" 304 - "-" "Mozilla/5.0 (Windows NT 10.0; Win64; x64) AppleWebKit/537.36 (KHTML, like Gecko) Chrome/100.0.4896.127 Safari/537.36"

info: 🔥: Apr-28-2022 14:22:11: ::1 - - [28/Apr/2022:07:22:11 +0000] "GET /api-docs/swagger-ui-standalone-preset.js HTTP/1.1" 304 - "-" "Mozilla/5.0 (Windows NT 10.0; Win64; x64) AppleWebKit/537.36 (KHTML, like Gecko) Chrome/100.0.4896.127 Safari/537.36"

info: 🔥: Apr-28-2022 14:22:11: ::1 - - [28/Apr/2022:07:22:11 +0000] "GET /api-docs/favicon-32x32.png HTTP/1.1" 304 - "-" "Mozilla/5.0 (Windows NT 10.0; Win64; x64) AppleWebKit/537.36 (KHTML, like Gecko) Chrome/100.0.4896.127 Safari/537.36"

info: 🔥: Apr-28-2022 14:22:42: ::1 - - [28/Apr/2022:07:22:42 +0000] "GET /api-docs/ HTTP/1.1" 304 - "-" "Mozilla/5.0 (Windows NT 10.0; Win64; x64) AppleWebKit/537.36 (KHTML, like Gecko) Chrome/100.0.4896.127 Safari/537.36"

info: 🔥: Apr-28-2022 14:22:42: ::1 - - [28/Apr/2022:07:22:42 +0000] "GET /api-docs/swagger-ui.css HTTP/1.1" 304 - "-" "Mozilla/5.0 (Windows NT 10.0; Win64; x64) AppleWebKit/537.36 (KHTML, like Gecko) Chrome/100.0.4896.127 Safari/537.36"

info: 🔥: Apr-28-2022 14:22:42: ::1 - - [28/Apr/2022:07:22:42 +0000] "GET /api-docs/swagger-ui-bundle.js HTTP/1.1" 304 - "-" "Mozilla/5.0 (Windows NT 10.0; Win64; x64) AppleWebKit/537.36 (KHTML, like Gecko) Chrome/100.0.4896.127 Safari/537.36"

info: 🔥: Apr-28-2022 14:22:42: ::1 - - [28/Apr/2022:07:22:42 +0000] "GET /api-docs/swagger-ui-standalone-preset.js HTTP/1.1" 304 - "-" "Mozilla/5.0 (Windows NT 10.0; Win64; x64) AppleWebKit/537.36 (KHTML, like Gecko) Chrome/100.0.4896.127 Safari/537.36"

info: 🔥: Apr-28-2022 14:22:42: ::1 - - [28/Apr/2022:07:22:42 +0000] "GET /api-docs/swagger-ui-init.js HTTP/1.1" 200 3740 "-" "Mozilla/5.0 (Windows NT 10.0; Win64; x64) AppleWebKit/537.36 (KHTML, like Gecko) Chrome/100.0.4896.127 Safari/537.36"

info: 🔥: Apr-28-2022 14:22:42: ::1 - - [28/Apr/2022:07:22:42 +0000] "GET /api-docs/favicon-32x32.png HTTP/1.1" 304 - "-" "Mozilla/5.0 (Windows NT 10.0; Win64; x64) AppleWebKit/537.36 (KHTML, like Gecko) Chrome/100.0.4896.127 Safari/537.36"

info: 🔥: Apr-28-2022 14:26:22: ::1 - - [28/Apr/2022:07:26:22 +0000] "GET /api-docs/ HTTP/1.1" 304 - "-" "Mozilla/5.0 (Windows NT 10.0; Win64; x64) AppleWebKit/537.36 (KHTML, like Gecko) Chrome/100.0.4896.127 Safari/537.36"

info: 🔥: Apr-28-2022 14:26:22: ::1 - - [28/Apr/2022:07:26:22 +0000] "GET /api-docs/swagger-ui.css HTTP/1.1" 304 - "-" "Mozilla/5.0 (Windows NT 10.0; Win64; x64) AppleWebKit/537.36 (KHTML, like Gecko) Chrome/100.0.4896.127 Safari/537.36"

info: 🔥: Apr-28-2022 14:26:22: ::1 - - [28/Apr/2022:07:26:22 +0000] "GET /api-docs/swagger-ui-bundle.js HTTP/1.1" 304 - "-" "Mozilla/5.0 (Windows NT 10.0; Win64; x64) AppleWebKit/537.36 (KHTML, like Gecko) Chrome/100.0.4896.127 Safari/537.36"

info: 🔥: Apr-28-2022 14:26:22: ::1 - - [28/Apr/2022:07:26:22 +0000] "GET /api-docs/swagger-ui-init.js HTTP/1.1" 200 3642 "-" "Mozilla/5.0 (Windows NT 10.0; Win64; x64) AppleWebKit/537.36 (KHTML, like Gecko) Chrome/100.0.4896.127 Safari/537.36"

info: 🔥: Apr-28-2022 14:26:22: ::1 - - [28/Apr/2022:07:26:22 +0000] "GET /api-docs/swagger-ui-standalone-preset.js HTTP/1.1" 304 - "-" "Mozilla/5.0 (Windows NT 10.0; Win64; x64) AppleWebKit/537.36 (KHTML, like Gecko) Chrome/100.0.4896.127 Safari/537.36"

info: 🔥: Apr-28-2022 14:26:22: ::1 - - [28/Apr/2022:07:26:22 +0000] "GET /api-docs/favicon-32x32.png HTTP/1.1" 304 - "-" "Mozilla/5.0 (Windows NT 10.0; Win64; x64) AppleWebKit/537.36 (KHTML, like Gecko) Chrome/100.0.4896.127 Safari/537.36"

info: 🔥: Apr-28-2022 14:26:37: ::1 - - [28/Apr/2022:07:26:37 +0000] "PUT /api/tutorial/1 HTTP/1.1" 200 57 "-" "Mozilla/5.0 (Windows NT 10.0; Win64; x64) AppleWebKit/537.36 (KHTML, like Gecko) Chrome/100.0.4896.127 Safari/537.36"

info: 🔥: Apr-28-2022 14:26:42: ::1 - - [28/Apr/2022:07:26:42 +0000] "PUT /api/tutorial/1 HTTP/1.1" 200 57 "-" "Mozilla/5.0 (Windows NT 10.0; Win64; x64) AppleWebKit/537.36 (KHTML, like Gecko) Chrome/100.0.4896.127 Safari/537.36"

error: 🔥: Apr-28-2022 14:27:29: uncaughtException: D:\Code\Example\docker-compose-nodejs-mysql\src\swagger.json: Unexpected token } in JSON at position 1934
SyntaxError: D:\Code\Example\docker-compose-nodejs-mysql\src\swagger.json: Unexpected token } in JSON at position 1934
    at parse (<anonymous>)
    at Object.Module._extensions..json (node:internal/modules/cjs/loader:1171:22)
    at Module.load (node:internal/modules/cjs/loader:981:32)
    at Function.Module._load (node:internal/modules/cjs/loader:822:12)
    at Module.require (node:internal/modules/cjs/loader:1005:19)
    at require (node:internal/modules/cjs/helpers:102:18)
    at Object.<anonymous> (D:\Code\Example\docker-compose-nodejs-mysql\src\server.js:10:25)
    at Module._compile (node:internal/modules/cjs/loader:1103:14)
    at Object.Module._extensions..js (node:internal/modules/cjs/loader:1157:10)
    at Module.load (node:internal/modules/cjs/loader:981:32)
    at Function.Module._load (node:internal/modules/cjs/loader:822:12)
    at Function.executeUserEntryPoint [as runMain] (node:internal/modules/run_main:77:12)
    at node:internal/main/run_main_module:17:47
info: 🔥: Apr-28-2022 14:27:32: ::1 - - [28/Apr/2022:07:27:32 +0000] "GET /api-docs/ HTTP/1.1" 304 - "-" "Mozilla/5.0 (Windows NT 10.0; Win64; x64) AppleWebKit/537.36 (KHTML, like Gecko) Chrome/100.0.4896.127 Safari/537.36"

info: 🔥: Apr-28-2022 14:27:32: ::1 - - [28/Apr/2022:07:27:32 +0000] "GET /api-docs/swagger-ui.css HTTP/1.1" 304 - "-" "Mozilla/5.0 (Windows NT 10.0; Win64; x64) AppleWebKit/537.36 (KHTML, like Gecko) Chrome/100.0.4896.127 Safari/537.36"

info: 🔥: Apr-28-2022 14:27:32: ::1 - - [28/Apr/2022:07:27:32 +0000] "GET /api-docs/swagger-ui-bundle.js HTTP/1.1" 304 - "-" "Mozilla/5.0 (Windows NT 10.0; Win64; x64) AppleWebKit/537.36 (KHTML, like Gecko) Chrome/100.0.4896.127 Safari/537.36"

info: 🔥: Apr-28-2022 14:27:32: ::1 - - [28/Apr/2022:07:27:32 +0000] "GET /api-docs/swagger-ui-init.js HTTP/1.1" 200 3925 "-" "Mozilla/5.0 (Windows NT 10.0; Win64; x64) AppleWebKit/537.36 (KHTML, like Gecko) Chrome/100.0.4896.127 Safari/537.36"

info: 🔥: Apr-28-2022 14:27:32: ::1 - - [28/Apr/2022:07:27:32 +0000] "GET /api-docs/swagger-ui-standalone-preset.js HTTP/1.1" 304 - "-" "Mozilla/5.0 (Windows NT 10.0; Win64; x64) AppleWebKit/537.36 (KHTML, like Gecko) Chrome/100.0.4896.127 Safari/537.36"

info: 🔥: Apr-28-2022 14:27:32: ::1 - - [28/Apr/2022:07:27:32 +0000] "GET /api-docs/favicon-32x32.png HTTP/1.1" 304 - "-" "Mozilla/5.0 (Windows NT 10.0; Win64; x64) AppleWebKit/537.36 (KHTML, like Gecko) Chrome/100.0.4896.127 Safari/537.36"

error: 🔥: Apr-28-2022 14:27:44: /api/tutorial/1---PUT---undefined---Truncated incorrect DOUBLE value: '[object Object]'
info: 🔥: Apr-28-2022 14:27:44: ::1 - - [28/Apr/2022:07:27:44 +0000] "PUT /api/tutorial/1 HTTP/1.1" 500 113 "-" "Mozilla/5.0 (Windows NT 10.0; Win64; x64) AppleWebKit/537.36 (KHTML, like Gecko) Chrome/100.0.4896.127 Safari/537.36"

error: 🔥: Apr-28-2022 14:27:45: /api/tutorial/1---PUT---undefined---Truncated incorrect DOUBLE value: '[object Object]'
info: 🔥: Apr-28-2022 14:27:45: ::1 - - [28/Apr/2022:07:27:45 +0000] "PUT /api/tutorial/1 HTTP/1.1" 500 113 "-" "Mozilla/5.0 (Windows NT 10.0; Win64; x64) AppleWebKit/537.36 (KHTML, like Gecko) Chrome/100.0.4896.127 Safari/537.36"

info: 🔥: Apr-28-2022 14:30:04: ::1 - - [28/Apr/2022:07:30:04 +0000] "PUT /api/tutorial/1 HTTP/1.1" 200 57 "-" "Mozilla/5.0 (Windows NT 10.0; Win64; x64) AppleWebKit/537.36 (KHTML, like Gecko) Chrome/100.0.4896.127 Safari/537.36"

info: 🔥: Apr-28-2022 14:30:10: ::1 - - [28/Apr/2022:07:30:10 +0000] "GET /api/tutorial HTTP/1.1" 200 1218 "-" "Mozilla/5.0 (Windows NT 10.0; Win64; x64) AppleWebKit/537.36 (KHTML, like Gecko) Chrome/100.0.4896.127 Safari/537.36"

info: 🔥: Apr-28-2022 14:30:11: ::1 - - [28/Apr/2022:07:30:11 +0000] "GET /api/tutorial HTTP/1.1" 304 - "-" "Mozilla/5.0 (Windows NT 10.0; Win64; x64) AppleWebKit/537.36 (KHTML, like Gecko) Chrome/100.0.4896.127 Safari/537.36"

info: 🔥: Apr-28-2022 14:35:15: ::1 - - [28/Apr/2022:07:35:15 +0000] "GET /api-docs/ HTTP/1.1" 304 - "-" "Mozilla/5.0 (Windows NT 10.0; Win64; x64) AppleWebKit/537.36 (KHTML, like Gecko) Chrome/100.0.4896.127 Safari/537.36"

info: 🔥: Apr-28-2022 14:35:15: ::1 - - [28/Apr/2022:07:35:15 +0000] "GET /api-docs/swagger-ui.css HTTP/1.1" 304 - "-" "Mozilla/5.0 (Windows NT 10.0; Win64; x64) AppleWebKit/537.36 (KHTML, like Gecko) Chrome/100.0.4896.127 Safari/537.36"

info: 🔥: Apr-28-2022 14:35:15: ::1 - - [28/Apr/2022:07:35:15 +0000] "GET /api-docs/swagger-ui-bundle.js HTTP/1.1" 304 - "-" "Mozilla/5.0 (Windows NT 10.0; Win64; x64) AppleWebKit/537.36 (KHTML, like Gecko) Chrome/100.0.4896.127 Safari/537.36"

info: 🔥: Apr-28-2022 14:35:15: ::1 - - [28/Apr/2022:07:35:15 +0000] "GET /api-docs/swagger-ui-init.js HTTP/1.1" 200 4548 "-" "Mozilla/5.0 (Windows NT 10.0; Win64; x64) AppleWebKit/537.36 (KHTML, like Gecko) Chrome/100.0.4896.127 Safari/537.36"

info: 🔥: Apr-28-2022 14:35:15: ::1 - - [28/Apr/2022:07:35:15 +0000] "GET /api-docs/swagger-ui-standalone-preset.js HTTP/1.1" 304 - "-" "Mozilla/5.0 (Windows NT 10.0; Win64; x64) AppleWebKit/537.36 (KHTML, like Gecko) Chrome/100.0.4896.127 Safari/537.36"

info: 🔥: Apr-28-2022 14:35:15: ::1 - - [28/Apr/2022:07:35:15 +0000] "GET /api-docs/favicon-32x32.png HTTP/1.1" 304 - "-" "Mozilla/5.0 (Windows NT 10.0; Win64; x64) AppleWebKit/537.36 (KHTML, like Gecko) Chrome/100.0.4896.127 Safari/537.36"

info: 🔥: Apr-28-2022 14:35:22: ::1 - - [28/Apr/2022:07:35:22 +0000] "DELETE /api/tutorial/1 HTTP/1.1" 200 57 "-" "Mozilla/5.0 (Windows NT 10.0; Win64; x64) AppleWebKit/537.36 (KHTML, like Gecko) Chrome/100.0.4896.127 Safari/537.36"

info: 🔥: Apr-28-2022 14:35:23: ::1 - - [28/Apr/2022:07:35:23 +0000] "DELETE /api/tutorial/1 HTTP/1.1" 200 57 "-" "Mozilla/5.0 (Windows NT 10.0; Win64; x64) AppleWebKit/537.36 (KHTML, like Gecko) Chrome/100.0.4896.127 Safari/537.36"

info: 🔥: Apr-28-2022 14:35:27: ::1 - - [28/Apr/2022:07:35:27 +0000] "DELETE /api/tutorial/1 HTTP/1.1" 200 57 "-" "Mozilla/5.0 (Windows NT 10.0; Win64; x64) AppleWebKit/537.36 (KHTML, like Gecko) Chrome/100.0.4896.127 Safari/537.36"

info: 🔥: Apr-28-2022 14:35:31: ::1 - - [28/Apr/2022:07:35:31 +0000] "GET /api/tutorial HTTP/1.1" 200 1076 "-" "Mozilla/5.0 (Windows NT 10.0; Win64; x64) AppleWebKit/537.36 (KHTML, like Gecko) Chrome/100.0.4896.127 Safari/537.36"

