10-03-2022	30:57:16---/v1/users/1234---GET---400---API not found
10-03-2022	29:58:16---/v1/users/1234---GET---400---API not found
Wed Apr 27 2022 11:15:56 GMT+0700---/api/tutorial---PUT---undefined---createError is not defined
Wed Apr 27 2022 11:16:34 GMT+0700---/api/tutorial---PUT---undefined---createError is not defined
We-04-2022, 11:17:16 am---/api/tutorial---PUT---undefined---createError is not defined
27th-04-2022, 11:17:44 am---/api/tutorial---PUT---undefined---createError is not defined
27th-04-2022 11:17:55 am---/api/tutorial---PUT---undefined---createError is not defined
27th-04-2022 11:40:16 am---/api/tutorial---POST---undefined---schema.validate is not a function
27th-04-2022 11:40:19 am---/api/tutorial---POST---undefined---schema.validate is not a function
27th-04-2022 11:40:20 am---/api/tutorial---POST---undefined---schema.validate is not a function
27th-04-2022 11:40:20 am---/api/tutorial---POST---undefined---schema.validate is not a function
27th-04-2022 11:40:20 am---/api/tutorial---POST---undefined---schema.validate is not a function
27th-04-2022 11:41:05 am---/api/tutorial---POST---undefined---schema.validate is not a function
27th-04-2022 11:44:22 am---/api/tutorial---POST---undefined---schema.validate is not a function
27th-04-2022 11:44:24 am---/api/tutorial---POST---undefined---schema.validate is not a function
27th-04-2022 11:44:25 am---/api/tutorial---POST---undefined---schema.validate is not a function
27th-04-2022 11:44:25 am---/api/tutorial---POST---undefined---schema.validate is not a function
27th-04-2022 11:44:26 am---/api/tutorial---POST---undefined---schema.validate is not a function
27th-04-2022 11:44:26 am---/api/tutorial---POST---undefined---schema.validate is not a function
27th-04-2022 11:44:32 am---/api/tutorial---POST---undefined---schema.validate is not a function
27th-04-2022 11:45:36 am---/api/tutorial---POST---undefined---schema.validate is not a function
27th-04-2022 11:45:42 am---/api/tutorial---POST---undefined---schema.validate is not a function
27th-04-2022 11:45:43 am---/api/tutorial---POST---undefined---schema.validate is not a function
27th-04-2022 11:45:43 am---/api/tutorial---POST---undefined---schema.validate is not a function
27th-04-2022 11:45:44 am---/api/tutorial---POST---undefined---schema.validate is not a function
27th-04-2022 11:46:13 am---/api/tutorial---POST---undefined---schema.validate is not a function
27th-04-2022 11:46:13 am---/api/tutorial---POST---undefined---schema.validate is not a function
27th-04-2022 11:49:25 am---/api/tutorial---PATCH---undefined---createError is not defined
27th-04-2022 11:50:17 am---/api/tutorial---PATCH---400---API not found
